[0929/211410:ERROR:process_info.cc(608)] range at 0xff41f000, size 0x230 fully unreadable
[0929/211410:ERROR:process_info.cc(608)] range at 0xff41e000, size 0xf84 fully unreadable
[0929/211410:ERROR:process_reader_win.cc(233)] ReadMemory at 0x5e810000 of 64 bytes failed: 仅完成部分的 ReadProcessMemory 或 WriteProcessMemory 请求。 (0x12B)
[0929/211410:WARNING:pe_image_reader.cc(281)] could not read dos header from F:\Program Files (x86)\360\360Safe\safemon\safemon.dll
[0929/211410:ERROR:process_reader_win.cc(233)] ReadMemory at 0x63680000 of 64 bytes failed: 仅完成部分的 ReadProcessMemory 或 WriteProcessMemory 请求。 (0x12B)
[0929/211410:WARNING:pe_image_reader.cc(281)] could not read dos header from F:\Program Files (x86)\360\360Safe\safemon\iNetSafe.dll
[0929/211410:ERROR:process_reader_win.cc(233)] ReadMemory at 0x734a0000 of 64 bytes failed: 仅完成部分的 ReadProcessMemory 或 WriteProcessMemory 请求。 (0x12B)
[0929/211410:WARNING:pe_image_reader.cc(281)] could not read dos header from C:\Windows\SYSTEM32\dbghelp.dll
[0929/211410:ERROR:process_reader_win.cc(233)] ReadMemory at 0x71c10000 of 64 bytes failed: 仅完成部分的 ReadProcessMemory 或 WriteProcessMemory 请求。 (0x12B)
[0929/211410:WARNING:pe_image_reader.cc(281)] could not read dos header from C:\Windows\WinSxS\x86_microsoft.windows.common-controls_6595b64144ccf1df_6.0.10240.16384_none_3bccb1ff6bcd1849\COMCTL32.dll
[0929/211410:ERROR:process_reader_win.cc(233)] ReadMemory at 0x74910000 of 64 bytes failed: 仅完成部分的 ReadProcessMemory 或 WriteProcessMemory 请求。 (0x12B)
[0929/211410:WARNING:pe_image_reader.cc(281)] could not read dos header from C:\Windows\SYSTEM32\COMDLG32.dll
[0929/211410:ERROR:process_reader_win.cc(233)] ReadMemory at 0x71040000 of 64 bytes failed: 仅完成部分的 ReadProcessMemory 或 WriteProcessMemory 请求。 (0x12B)
[0929/211410:WARNING:pe_image_reader.cc(281)] could not read dos header from C:\Windows\SYSTEM32\USP10.dll
[0929/211410:ERROR:process_reader_win.cc(233)] ReadMemory at 0x708f0000 of 64 bytes failed: 仅完成部分的 ReadProcessMemory 或 WriteProcessMemory 请求。 (0x12B)
[0929/211410:WARNING:pe_image_reader.cc(281)] could not read dos header from C:\Windows\SYSTEM32\WINSPOOL.DRV
[0929/211410:ERROR:process_reader_win.cc(233)] ReadMemory at 0x74410000 of 64 bytes failed: 仅完成部分的 ReadProcessMemory 或 WriteProcessMemory 请求。 (0x12B)
[0929/211410:WARNING:pe_image_reader.cc(281)] could not read dos header from C:\Windows\SYSTEM32\WINNSI.DLL
[0929/211410:ERROR:process_reader_win.cc(233)] ReadMemory at 0x74460000 of 64 bytes failed: 仅完成部分的 ReadProcessMemory 或 WriteProcessMemory 请求。 (0x12B)
[0929/211410:WARNING:pe_image_reader.cc(281)] could not read dos header from C:\Windows\SYSTEM32\IPHLPAPI.DLL
[0929/211410:ERROR:process_reader_win.cc(233)] ReadMemory at 0x73fd0000 of 64 bytes failed: 仅完成部分的 ReadProcessMemory 或 WriteProcessMemory 请求。 (0x12B)
[0929/211410:WARNING:pe_image_reader.cc(281)] could not read dos header from C:\Windows\SYSTEM32\Secur32.dll
[0929/211410:ERROR:process_reader_win.cc(233)] ReadMemory at 0x706c0000 of 64 bytes failed: 仅完成部分的 ReadProcessMemory 或 WriteProcessMemory 请求。 (0x12B)
[0929/211410:WARNING:pe_image_reader.cc(281)] could not read dos header from C:\Windows\SYSTEM32\DWrite.dll
[0929/211410:ERROR:process_reader_win.cc(233)] ReadMemory at 0x74f70000 of 64 bytes failed: 仅完成部分的 ReadProcessMemory 或 WriteProcessMemory 请求。 (0x12B)
[0929/211410:WARNING:pe_image_reader.cc(281)] could not read dos header from C:\Windows\SYSTEM32\CRYPT32.dll
[0929/211410:ERROR:process_reader_win.cc(233)] ReadMemory at 0x75840000 of 64 bytes failed: 仅完成部分的 ReadProcessMemory 或 WriteProcessMemory 请求。 (0x12B)
[0929/211410:WARNING:pe_image_reader.cc(281)] could not read dos header from C:\Windows\SYSTEM32\WINTRUST.dll
[0929/211410:ERROR:process_reader_win.cc(233)] ReadMemory at 0xfb60000 of 64 bytes failed: 仅完成部分的 ReadProcessMemory 或 WriteProcessMemory 请求。 (0x12B)
[0929/211410:WARNING:pe_image_reader.cc(281)] could not read dos header from C:\Program Files (x86)\Google\Chrome\Application\55.0.2883.87\chrome_child.dll
[0929/211410:ERROR:process_reader_win.cc(233)] ReadMemory at 0xd40000 of 64 bytes failed: 仅完成部分的 ReadProcessMemory 或 WriteProcessMemory 请求。 (0x12B)
[0929/211410:WARNING:pe_image_reader.cc(281)] could not read dos header from C:\Program Files (x86)\Google\Chrome\Application\chrome.exe
[0929/211410:ERROR:process_reader_win.cc(233)] ReadMemory at 0x77540000 of 64 bytes failed: 仅完成部分的 ReadProcessMemory 或 WriteProcessMemory 请求。 (0x12B)
[0929/211410:WARNING:pe_image_reader.cc(281)] could not read dos header from C:\Windows\SYSTEM32\ntdll.dll
[0929/211410:ERROR:process_reader_win.cc(233)] ReadMemory at 0x75410000 of 64 bytes failed: 仅完成部分的 ReadProcessMemory 或 WriteProcessMemory 请求。 (0x12B)
[0929/211410:WARNING:pe_image_reader.cc(281)] could not read dos header from C:\Windows\SYSTEM32\KERNELBASE.dll
[0929/211410:ERROR:process_reader_win.cc(233)] ReadMemory at 0x74cb0000 of 64 bytes failed: 仅完成部分的 ReadProcessMemory 或 WriteProcessMemory 请求。 (0x12B)
[0929/211410:WARNING:pe_image_reader.cc(281)] could not read dos header from C:\Windows\SYSTEM32\KERNEL32.DLL
[0929/211410:ERROR:process_reader_win.cc(233)] ReadMemory at 0x70f20000 of 64 bytes failed: 仅完成部分的 ReadProcessMemory 或 WriteProcessMemory 请求。 (0x12B)
[0929/211410:WARNING:pe_image_reader.cc(281)] could not read dos header from C:\Windows\system32\apphelp.dll
[0929/211410:ERROR:process_reader_win.cc(233)] ReadMemory at 0x77360000 of 64 bytes failed: 仅完成部分的 ReadProcessMemory 或 WriteProcessMemory 请求。 (0x12B)
[0929/211410:WARNING:pe_image_reader.cc(281)] could not read dos header from C:\Windows\SYSTEM32\msvcrt.dll
[0929/211410:ERROR:process_reader_win.cc(233)] ReadMemory at 0x745d0000 of 64 bytes failed: 仅完成部分的 ReadProcessMemory 或 WriteProcessMemory 请求。 (0x12B)
[0929/211410:WARNING:pe_image_reader.cc(281)] could not read dos header from C:\Windows\SYSTEM32\VERSION.dll
[0929/211410:ERROR:process_reader_win.cc(233)] ReadMemory at 0x5f510000 of 64 bytes failed: 仅完成部分的 ReadProcessMemory 或 WriteProcessMemory 请求。 (0x12B)
[0929/211410:WARNING:pe_image_reader.cc(281)] could not read dos header from C:\Program Files (x86)\Google\Chrome\Application\55.0.2883.87\chrome_elf.dll
[0929/211410:ERROR:process_reader_win.cc(233)] ReadMemory at 0x745e0000 of 64 bytes failed: 仅完成部分的 ReadProcessMemory 或 WriteProcessMemory 请求。 (0x12B)
[0929/211410:WARNING:pe_image_reader.cc(281)] could not read dos header from C:\Windows\SYSTEM32\bcryptPrimitives.dll
[0929/211410:ERROR:process_reader_win.cc(233)] ReadMemory at 0x74640000 of 64 bytes failed: 仅完成部分的 ReadProcessMemory 或 WriteProcessMemory 请求。 (0x12B)
[0929/211410:WARNING:pe_image_reader.cc(281)] could not read dos header from C:\Windows\SYSTEM32\CRYPTBASE.dll
[0929/211410:ERROR:process_reader_win.cc(233)] ReadMemory at 0x74650000 of 64 bytes failed: 仅完成部分的 ReadProcessMemory 或 WriteProcessMemory 请求。 (0x12B)
[0929/211410:WARNING:pe_image_reader.cc(281)] could not read dos header from C:\Windows\SYSTEM32\SspiCli.dll
[0929/211410:ERROR:process_reader_win.cc(233)] ReadMemory at 0x77420000 of 64 bytes failed: 仅完成部分的 ReadProcessMemory 或 WriteProcessMemory 请求。 (0x12B)
[0929/211410:WARNING:pe_image_reader.cc(281)] could not read dos header from C:\Windows\SYSTEM32\RPCRT4.dll
[0929/211410:ERROR:process_reader_win.cc(233)] ReadMemory at 0x74670000 of 64 bytes failed: 仅完成部分的 ReadProcessMemory 或 WriteProcessMemory 请求。 (0x12B)
[0929/211410:WARNING:pe_image_reader.cc(281)] could not read dos header from C:\Windows\SYSTEM32\sechost.dll
[0929/211410:ERROR:process_reader_win.cc(233)] ReadMemory at 0x757b0000 of 64 bytes failed: 仅完成部分的 ReadProcessMemory 或 WriteProcessMemory 请求。 (0x12B)
[0929/211410:WARNING:pe_image_reader.cc(281)] could not read dos header from C:\Windows\SYSTEM32\ADVAPI32.dll
[0929/211410:ERROR:process_reader_win.cc(233)] ReadMemory at 0x75830000 of 64 bytes failed: 仅完成部分的 ReadProcessMemory 或 WriteProcessMemory 请求。 (0x12B)
[0929/211410:WARNING:pe_image_reader.cc(281)] could not read dos header from C:\Windows\SYSTEM32\PSAPI.DLL
[0929/211410:ERROR:process_reader_win.cc(233)] ReadMemory at 0x75130000 of 64 bytes failed: 仅完成部分的 ReadProcessMemory 或 WriteProcessMemory 请求。 (0x12B)
[0929/211410:WARNING:pe_image_reader.cc(281)] could not read dos header from C:\Windows\SYSTEM32\combase.dll
[0929/211410:ERROR:process_reader_win.cc(233)] ReadMemory at 0x747d0000 of 64 bytes failed: 仅完成部分的 ReadProcessMemory 或 WriteProcessMemory 请求。 (0x12B)
[0929/211410:WARNING:pe_image_reader.cc(281)] could not read dos header from C:\Windows\SYSTEM32\USER32.dll
[0929/211410:ERROR:process_reader_win.cc(233)] ReadMemory at 0x74e10000 of 64 bytes failed: 仅完成部分的 ReadProcessMemory 或 WriteProcessMemory 请求。 (0x12B)
[0929/211410:WARNING:pe_image_reader.cc(281)] could not read dos header from C:\Windows\SYSTEM32\GDI32.dll
[0929/211410:ERROR:process_reader_win.cc(233)] ReadMemory at 0x752f0000 of 64 bytes failed: 仅完成部分的 ReadProcessMemory 或 WriteProcessMemory 请求。 (0x12B)
[0929/211410:WARNING:pe_image_reader.cc(281)] could not read dos header from C:\Windows\SYSTEM32\MSCTF.dll
[0929/211410:ERROR:process_reader_win.cc(233)] ReadMemory at 0x74750000 of 64 bytes failed: 仅完成部分的 ReadProcessMemory 或 WriteProcessMemory 请求。 (0x12B)
[0929/211410:WARNING:pe_image_reader.cc(281)] could not read dos header from C:\Windows\SYSTEM32\IMM32.DLL
[0929/211410:ERROR:process_reader_win.cc(233)] ReadMemory at 0x76e20000 of 64 bytes failed: 仅完成部分的 ReadProcessMemory 或 WriteProcessMemory 请求。 (0x12B)
[0929/211410:WARNING:pe_image_reader.cc(281)] could not read dos header from C:\Windows\SYSTEM32\shlwapi.dll
[0929/211410:ERROR:process_reader_win.cc(233)] ReadMemory at 0x76e70000 of 64 bytes failed: 仅完成部分的 ReadProcessMemory 或 WriteProcessMemory 请求。 (0x12B)
[0929/211410:WARNING:pe_image_reader.cc(281)] could not read dos header from C:\Windows\SYSTEM32\kernel.appcore.dll
[0929/211410:ERROR:process_reader_win.cc(233)] ReadMemory at 0x746c0000 of 64 bytes failed: 仅完成部分的 ReadProcessMemory 或 WriteProcessMemory 请求。 (0x12B)
[0929/211410:WARNING:pe_image_reader.cc(281)] could not read dos header from C:\Windows\SYSTEM32\shcore.dll
[0929/211410:ERROR:process_reader_win.cc(233)] ReadMemory at 0x74780000 of 64 bytes failed: 仅完成部分的 ReadProcessMemory 或 WriteProcessMemory 请求。 (0x12B)
[0929/211410:WARNING:pe_image_reader.cc(281)] could not read dos header from C:\Windows\SYSTEM32\powrprof.dll
[0929/211410:ERROR:process_reader_win.cc(233)] ReadMemory at 0x74e00000 of 64 bytes failed: 仅完成部分的 ReadProcessMemory 或 WriteProcessMemory 请求。 (0x12B)
[0929/211410:WARNING:pe_image_reader.cc(281)] could not read dos header from C:\Windows\SYSTEM32\profapi.dll
[0929/211410:ERROR:process_reader_win.cc(233)] ReadMemory at 0x76e80000 of 64 bytes failed: 仅完成部分的 ReadProcessMemory 或 WriteProcessMemory 请求。 (0x12B)
[0929/211410:WARNING:pe_image_reader.cc(281)] could not read dos header from C:\Windows\SYSTEM32\windows.storage.dll
[0929/211410:ERROR:process_reader_win.cc(233)] ReadMemory at 0x75a60000 of 64 bytes failed: 仅完成部分的 ReadProcessMemory 或 WriteProcessMemory 请求。 (0x12B)
[0929/211410:WARNING:pe_image_reader.cc(281)] could not read dos header from C:\Windows\SYSTEM32\SHELL32.dll
[0929/211410:ERROR:process_reader_win.cc(233)] ReadMemory at 0x750f0000 of 64 bytes failed: 仅完成部分的 ReadProcessMemory 或 WriteProcessMemory 请求。 (0x12B)
[0929/211410:WARNING:pe_image_reader.cc(281)] could not read dos header from C:\Windows\SYSTEM32\cfgmgr32.dll
[0929/211410:ERROR:process_reader_win.cc(233)] ReadMemory at 0x740f0000 of 64 bytes failed: 仅完成部分的 ReadProcessMemory 或 WriteProcessMemory 请求。 (0x12B)
[0929/211410:WARNING:pe_image_reader.cc(281)] could not read dos header from C:\Windows\SYSTEM32\DEVOBJ.dll
[0929/211410:ERROR:process_reader_win.cc(233)] ReadMemory at 0x74120000 of 64 bytes failed: 仅完成部分的 ReadProcessMemory 或 WriteProcessMemory 请求。 (0x12B)
[0929/211410:WARNING:pe_image_reader.cc(281)] could not read dos header from C:\Windows\SYSTEM32\WINMMBASE.dll
[0929/211410:ERROR:process_reader_win.cc(233)] ReadMemory at 0x74150000 of 64 bytes failed: 仅完成部分的 ReadProcessMemory 或 WriteProcessMemory 请求。 (0x12B)
[0929/211410:WARNING:pe_image_reader.cc(281)] could not read dos header from C:\Windows\SYSTEM32\WINMM.dll
[0929/211410:ERROR:process_reader_win.cc(233)] ReadMemory at 0x745c0000 of 64 bytes failed: 仅完成部分的 ReadProcessMemory 或 WriteProcessMemory 请求。 (0x12B)
[0929/211410:WARNING:pe_image_reader.cc(281)] could not read dos header from C:\Windows\SYSTEM32\WTSAPI32.dll
[0929/211410:ERROR:process_reader_win.cc(233)] ReadMemory at 0x745a0000 of 64 bytes failed: 仅完成部分的 ReadProcessMemory 或 WriteProcessMemory 请求。 (0x12B)
[0929/211410:WARNING:pe_image_reader.cc(281)] could not read dos header from C:\Windows\SYSTEM32\USERENV.dll
[0929/211410:ERROR:process_reader_win.cc(233)] ReadMemory at 0x739f0000 of 64 bytes failed: 仅完成部分的 ReadProcessMemory 或 WriteProcessMemory 请求。 (0x12B)
[0929/211410:WARNING:pe_image_reader.cc(281)] could not read dos header from C:\Windows\SYSTEM32\WINHTTP.dll
[0929/211410:ERROR:process_reader_win.cc(233)] ReadMemory at 0x75590000 of 64 bytes failed: 仅完成部分的 ReadProcessMemory 或 WriteProcessMemory 请求。 (0x12B)
[0929/211410:WARNING:pe_image_reader.cc(281)] could not read dos header from C:\Windows\SYSTEM32\ole32.dll
[0929/211410:ERROR:process_reader_win.cc(233)] ReadMemory at 0x75710000 of 64 bytes failed: 仅完成部分的 ReadProcessMemory 或 WriteProcessMemory 请求。 (0x12B)
[0929/211410:WARNING:pe_image_reader.cc(281)] could not read dos header from C:\Windows\SYSTEM32\OLEAUT32.dll
[0929/211410:ERROR:process_reader_win.cc(233)] ReadMemory at 0x74c00000 of 64 bytes failed: 仅完成部分的 ReadProcessMemory 或 WriteProcessMemory 请求。 (0x12B)
[0929/211410:WARNING:pe_image_reader.cc(281)] could not read dos header from C:\Windows\SYSTEM32\NSI.dll
[0929/211410:ERROR:process_reader_win.cc(233)] ReadMemory at 0x75890000 of 64 bytes failed: 仅完成部分的 ReadProcessMemory 或 WriteProcessMemory 请求。 (0x12B)
[0929/211410:WARNING:pe_image_reader.cc(281)] could not read dos header from C:\Windows\SYSTEM32\WS2_32.dll
[0929/211410:ERROR:process_reader_win.cc(233)] ReadMemory at 0x743f0000 of 64 bytes failed: 仅完成部分的 ReadProcessMemory 或 WriteProcessMemory 请求。 (0x12B)
[0929/211410:WARNING:pe_image_reader.cc(281)] could not read dos header from C:\Windows\SYSTEM32\bcrypt.dll
[0929/211410:ERROR:process_reader_win.cc(233)] ReadMemory at 0x74420000 of 64 bytes failed: 仅完成部分的 ReadProcessMemory 或 WriteProcessMemory 请求。 (0x12B)
[0929/211410:WARNING:pe_image_reader.cc(281)] could not read dos header from C:\Windows\SYSTEM32\wkscli.dll
[0929/211410:ERROR:process_reader_win.cc(233)] ReadMemory at 0x74430000 of 64 bytes failed: 仅完成部分的 ReadProcessMemory 或 WriteProcessMemory 请求。 (0x12B)
[0929/211410:WARNING:pe_image_reader.cc(281)] could not read dos header from C:\Windows\SYSTEM32\srvcli.dll
[0929/211410:ERROR:process_reader_win.cc(233)] ReadMemory at 0x74450000 of 64 bytes failed: 仅完成部分的 ReadProcessMemory 或 WriteProcessMemory 请求。 (0x12B)
[0929/211410:WARNING:pe_image_reader.cc(281)] could not read dos header from C:\Windows\SYSTEM32\netutils.dll
[0929/211410:ERROR:process_reader_win.cc(233)] ReadMemory at 0x74490000 of 64 bytes failed: 仅完成部分的 ReadProcessMemory 或 WriteProcessMemory 请求。 (0x12B)
[0929/211410:WARNING:pe_image_reader.cc(281)] could not read dos header from C:\Windows\SYSTEM32\NETAPI32.dll
[0929/211410:ERROR:process_reader_win.cc(233)] ReadMemory at 0x5e810000 of 64 bytes failed: 仅完成部分的 ReadProcessMemory 或 WriteProcessMemory 请求。 (0x12B)
[0929/211410:WARNING:pe_image_reader.cc(281)] could not read dos header from F:\Program Files (x86)\360\360Safe\safemon\safemon.dll
[0929/211410:ERROR:process_reader_win.cc(233)] ReadMemory at 0x63680000 of 64 bytes failed: 仅完成部分的 ReadProcessMemory 或 WriteProcessMemory 请求。 (0x12B)
[0929/211410:WARNING:pe_image_reader.cc(281)] could not read dos header from F:\Program Files (x86)\360\360Safe\safemon\iNetSafe.dll
[0929/211410:ERROR:process_reader_win.cc(233)] ReadMemory at 0x734a0000 of 64 bytes failed: 仅完成部分的 ReadProcessMemory 或 WriteProcessMemory 请求。 (0x12B)
[0929/211410:WARNING:pe_image_reader.cc(281)] could not read dos header from C:\Windows\SYSTEM32\dbghelp.dll
[0929/211410:ERROR:process_reader_win.cc(233)] ReadMemory at 0x71c10000 of 64 bytes failed: 仅完成部分的 ReadProcessMemory 或 WriteProcessMemory 请求。 (0x12B)
[0929/211410:WARNING:pe_image_reader.cc(281)] could not read dos header from C:\Windows\WinSxS\x86_microsoft.windows.common-controls_6595b64144ccf1df_6.0.10240.16384_none_3bccb1ff6bcd1849\COMCTL32.dll
[0929/211410:ERROR:process_reader_win.cc(233)] ReadMemory at 0x74910000 of 64 bytes failed: 仅完成部分的 ReadProcessMemory 或 WriteProcessMemory 请求。 (0x12B)
[0929/211410:WARNING:pe_image_reader.cc(281)] could not read dos header from C:\Windows\SYSTEM32\COMDLG32.dll
[0929/211410:ERROR:process_reader_win.cc(233)] ReadMemory at 0x71040000 of 64 bytes failed: 仅完成部分的 ReadProcessMemory 或 WriteProcessMemory 请求。 (0x12B)
[0929/211410:WARNING:pe_image_reader.cc(281)] could not read dos header from C:\Windows\SYSTEM32\USP10.dll
[0929/211410:ERROR:process_reader_win.cc(233)] ReadMemory at 0x708f0000 of 64 bytes failed: 仅完成部分的 ReadProcessMemory 或 WriteProcessMemory 请求。 (0x12B)
[0929/211410:WARNING:pe_image_reader.cc(281)] could not read dos header from C:\Windows\SYSTEM32\WINSPOOL.DRV
[0929/211410:ERROR:process_reader_win.cc(233)] ReadMemory at 0x74410000 of 64 bytes failed: 仅完成部分的 ReadProcessMemory 或 WriteProcessMemory 请求。 (0x12B)
[0929/211410:WARNING:pe_image_reader.cc(281)] could not read dos header from C:\Windows\SYSTEM32\WINNSI.DLL
[0929/211410:ERROR:process_reader_win.cc(233)] ReadMemory at 0x74460000 of 64 bytes failed: 仅完成部分的 ReadProcessMemory 或 WriteProcessMemory 请求。 (0x12B)
[0929/211410:WARNING:pe_image_reader.cc(281)] could not read dos header from C:\Windows\SYSTEM32\IPHLPAPI.DLL
[0929/211410:ERROR:process_reader_win.cc(233)] ReadMemory at 0x73fd0000 of 64 bytes failed: 仅完成部分的 ReadProcessMemory 或 WriteProcessMemory 请求。 (0x12B)
[0929/211410:WARNING:pe_image_reader.cc(281)] could not read dos header from C:\Windows\SYSTEM32\Secur32.dll
[0929/211410:ERROR:process_reader_win.cc(233)] ReadMemory at 0x706c0000 of 64 bytes failed: 仅完成部分的 ReadProcessMemory 或 WriteProcessMemory 请求。 (0x12B)
[0929/211410:WARNING:pe_image_reader.cc(281)] could not read dos header from C:\Windows\SYSTEM32\DWrite.dll
[0929/211410:ERROR:process_reader_win.cc(233)] ReadMemory at 0x77530000 of 64 bytes failed: 仅完成部分的 ReadProcessMemory 或 WriteProcessMemory 请求。 (0x12B)
[0929/211410:WARNING:pe_image_reader.cc(281)] could not read dos header from C:\Windows\SYSTEM32\MSASN1.dll
[0929/211410:ERROR:process_reader_win.cc(233)] ReadMemory at 0x74f70000 of 64 bytes failed: 仅完成部分的 ReadProcessMemory 或 WriteProcessMemory 请求。 (0x12B)
[0929/211410:WARNING:pe_image_reader.cc(281)] could not read dos header from C:\Windows\SYSTEM32\CRYPT32.dll
[0929/211410:ERROR:process_reader_win.cc(233)] ReadMemory at 0x75840000 of 64 bytes failed: 仅完成部分的 ReadProcessMemory 或 WriteProcessMemory 请求。 (0x12B)
[0929/211410:WARNING:pe_image_reader.cc(281)] could not read dos header from C:\Windows\SYSTEM32\WINTRUST.dll
[0929/211410:ERROR:process_reader_win.cc(233)] ReadMemory at 0xfb60000 of 64 bytes failed: 仅完成部分的 ReadProcessMemory 或 WriteProcessMemory 请求。 (0x12B)
[0929/211410:WARNING:pe_image_reader.cc(281)] could not read dos header from C:\Program Files (x86)\Google\Chrome\Application\55.0.2883.87\chrome_child.dll
[0929/211410:ERROR:process_reader_win.cc(233)] ReadMemory at 0xd40000 of 64 bytes failed: 仅完成部分的 ReadProcessMemory 或 WriteProcessMemory 请求。 (0x12B)
[0929/211410:WARNING:pe_image_reader.cc(281)] could not read dos header from C:\Program Files (x86)\Google\Chrome\Application\chrome.exe
[0929/211410:ERROR:process_reader_win.cc(233)] ReadMemory at 0x77540000 of 64 bytes failed: 仅完成部分的 ReadProcessMemory 或 WriteProcessMemory 请求。 (0x12B)
[0929/211410:WARNING:pe_image_reader.cc(281)] could not read dos header from C:\Windows\SYSTEM32\ntdll.dll
[0929/211410:ERROR:process_reader_win.cc(233)] ReadMemory at 0x75410000 of 64 bytes failed: 仅完成部分的 ReadProcessMemory 或 WriteProcessMemory 请求。 (0x12B)
[0929/211410:WARNING:pe_image_reader.cc(281)] could not read dos header from C:\Windows\SYSTEM32\KERNELBASE.dll
[0929/211410:ERROR:process_reader_win.cc(233)] ReadMemory at 0x74cb0000 of 64 bytes failed: 仅完成部分的 ReadProcessMemory 或 WriteProcessMemory 请求。 (0x12B)
[0929/211410:WARNING:pe_image_reader.cc(281)] could not read dos header from C:\Windows\SYSTEM32\KERNEL32.DLL
[0929/211410:ERROR:process_reader_win.cc(233)] ReadMemory at 0x70f20000 of 64 bytes failed: 仅完成部分的 ReadProcessMemory 或 WriteProcessMemory 请求。 (0x12B)
[0929/211410:WARNING:pe_image_reader.cc(281)] could not read dos header from C:\Windows\system32\apphelp.dll
[0929/211410:ERROR:process_reader_win.cc(233)] ReadMemory at 0x77360000 of 64 bytes failed: 仅完成部分的 ReadProcessMemory 或 WriteProcessMemory 请求。 (0x12B)
[0929/211410:WARNING:pe_image_reader.cc(281)] could not read dos header from C:\Windows\SYSTEM32\msvcrt.dll
[0929/211410:ERROR:process_reader_win.cc(233)] ReadMemory at 0x745d0000 of 64 bytes failed: 仅完成部分的 ReadProcessMemory 或 WriteProcessMemory 请求。 (0x12B)
[0929/211410:WARNING:pe_image_reader.cc(281)] could not read dos header from C:\Windows\SYSTEM32\VERSION.dll
[0929/211410:ERROR:process_reader_win.cc(233)] ReadMemory at 0x5f510000 of 64 bytes failed: 仅完成部分的 ReadProcessMemory 或 WriteProcessMemory 请求。 (0x12B)
[0929/211410:WARNING:pe_image_reader.cc(281)] could not read dos header from C:\Program Files (x86)\Google\Chrome\Application\55.0.2883.87\chrome_elf.dll
[0929/211410:ERROR:process_reader_win.cc(233)] ReadMemory at 0x745e0000 of 64 bytes failed: 仅完成部分的 ReadProcessMemory 或 WriteProcessMemory 请求。 (0x12B)
[0929/211410:WARNING:pe_image_reader.cc(281)] could not read dos header from C:\Windows\SYSTEM32\bcryptPrimitives.dll
[0929/211410:ERROR:process_reader_win.cc(233)] ReadMemory at 0x74640000 of 64 bytes failed: 仅完成部分的 ReadProcessMemory 或 WriteProcessMemory 请求。 (0x12B)
[0929/211410:WARNING:pe_image_reader.cc(281)] could not read dos header from C:\Windows\SYSTEM32\CRYPTBASE.dll
[0929/211410:ERROR:process_reader_win.cc(233)] ReadMemory at 0x74650000 of 64 bytes failed: 仅完成部分的 ReadProcessMemory 或 WriteProcessMemory 请求。 (0x12B)
[0929/211410:WARNING:pe_image_reader.cc(281)] could not read dos header from C:\Windows\SYSTEM32\SspiCli.dll
[0929/211410:ERROR:process_reader_win.cc(233)] ReadMemory at 0x77420000 of 64 bytes failed: 仅完成部分的 ReadProcessMemory 或 WriteProcessMemory 请求。 (0x12B)
[0929/211410:WARNING:pe_image_reader.cc(281)] could not read dos header from C:\Windows\SYSTEM32\RPCRT4.dll
[0929/211410:ERROR:process_reader_win.cc(233)] ReadMemory at 0x74670000 of 64 bytes failed: 仅完成部分的 ReadProcessMemory 或 WriteProcessMemory 请求。 (0x12B)
[0929/211410:WARNING:pe_image_reader.cc(281)] could not read dos header from C:\Windows\SYSTEM32\sechost.dll
[0929/211410:ERROR:process_reader_win.cc(233)] ReadMemory at 0x757b0000 of 64 bytes failed: 仅完成部分的 ReadProcessMemory 或 WriteProcessMemory 请求。 (0x12B)
[0929/211410:WARNING:pe_image_reader.cc(281)] could not read dos header from C:\Windows\SYSTEM32\ADVAPI32.dll
[0929/211410:ERROR:process_reader_win.cc(233)] ReadMemory at 0x75830000 of 64 bytes failed: 仅完成部分的 ReadProcessMemory 或 WriteProcessMemory 请求。 (0x12B)
[0929/211410:WARNING:pe_image_reader.cc(281)] could not read dos header from C:\Windows\SYSTEM32\PSAPI.DLL
[0929/211410:ERROR:process_reader_win.cc(233)] ReadMemory at 0x75130000 of 64 bytes failed: 仅完成部分的 ReadProcessMemory 或 WriteProcessMemory 请求。 (0x12B)
[0929/211410:WARNING:pe_image_reader.cc(281)] could not read dos header from C:\Windows\SYSTEM32\combase.dll
[0929/211410:ERROR:process_reader_win.cc(233)] ReadMemory at 0x747d0000 of 64 bytes failed: 仅完成部分的 ReadProcessMemory 或 WriteProcessMemory 请求。 (0x12B)
[0929/211410:WARNING:pe_image_reader.cc(281)] could not read dos header from C:\Windows\SYSTEM32\USER32.dll
[0929/211410:ERROR:process_reader_win.cc(233)] ReadMemory at 0x74e10000 of 64 bytes failed: 仅完成部分的 ReadProcessMemory 或 WriteProcessMemory 请求。 (0x12B)
[0929/211410:WARNING:pe_image_reader.cc(281)] could not read dos header from C:\Windows\SYSTEM32\GDI32.dll
[0929/211410:ERROR:process_reader_win.cc(233)] ReadMemory at 0x752f0000 of 64 bytes failed: 仅完成部分的 ReadProcessMemory 或 WriteProcessMemory 请求。 (0x12B)
[0929/211410:WARNING:pe_image_reader.cc(281)] could not read dos header from C:\Windows\SYSTEM32\MSCTF.dll
[0929/211410:ERROR:process_reader_win.cc(233)] ReadMemory at 0x74750000 of 64 bytes failed: 仅完成部分的 ReadProcessMemory 或 WriteProcessMemory 请求。 (0x12B)
[0929/211410:WARNING:pe_image_reader.cc(281)] could not read dos header from C:\Windows\SYSTEM32\IMM32.DLL
[0929/211410:ERROR:process_reader_win.cc(233)] ReadMemory at 0x76e20000 of 64 bytes failed: 仅完成部分的 ReadProcessMemory 或 WriteProcessMemory 请求。 (0x12B)
[0929/211410:WARNING:pe_image_reader.cc(281)] could not read dos header from C:\Windows\SYSTEM32\shlwapi.dll
[0929/211410:ERROR:process_reader_win.cc(233)] ReadMemory at 0x76e70000 of 64 bytes failed: 仅完成部分的 ReadProcessMemory 或 WriteProcessMemory 请求。 (0x12B)
[0929/211410:WARNING:pe_image_reader.cc(281)] could not read dos header from C:\Windows\SYSTEM32\kernel.appcore.dll
[0929/211410:ERROR:process_reader_win.cc(233)] ReadMemory at 0x746c0000 of 64 bytes failed: 仅完成部分的 ReadProcessMemory 或 WriteProcessMemory 请求。 (0x12B)
[0929/211410:WARNING:pe_image_reader.cc(281)] could not read dos header from C:\Windows\SYSTEM32\shcore.dll
[0929/211410:ERROR:process_reader_win.cc(233)] ReadMemory at 0x74780000 of 64 bytes failed: 仅完成部分的 ReadProcessMemory 或 WriteProcessMemory 请求。 (0x12B)
[0929/211410:WARNING:pe_image_reader.cc(281)] could not read dos header from C:\Windows\SYSTEM32\powrprof.dll
[0929/211410:ERROR:process_reader_win.cc(233)] ReadMemory at 0x74e00000 of 64 bytes failed: 仅完成部分的 ReadProcessMemory 或 WriteProcessMemory 请求。 (0x12B)
[0929/211410:WARNING:pe_image_reader.cc(281)] could not read dos header from C:\Windows\SYSTEM32\profapi.dll
[0929/211410:ERROR:process_reader_win.cc(233)] ReadMemory at 0x76e80000 of 64 bytes failed: 仅完成部分的 ReadProcessMemory 或 WriteProcessMemory 请求。 (0x12B)
[0929/211410:WARNING:pe_image_reader.cc(281)] could not read dos header from C:\Windows\SYSTEM32\windows.storage.dll
[0929/211410:ERROR:process_reader_win.cc(233)] ReadMemory at 0x75a60000 of 64 bytes failed: 仅完成部分的 ReadProcessMemory 或 WriteProcessMemory 请求。 (0x12B)
[0929/211410:WARNING:pe_image_reader.cc(281)] could not read dos header from C:\Windows\SYSTEM32\SHELL32.dll
[0929/211410:ERROR:process_reader_win.cc(233)] ReadMemory at 0x750f0000 of 64 bytes failed: 仅完成部分的 ReadProcessMemory 或 WriteProcessMemory 请求。 (0x12B)
[0929/211410:WARNING:pe_image_reader.cc(281)] could not read dos header from C:\Windows\SYSTEM32\cfgmgr32.dll
[0929/211410:ERROR:process_reader_win.cc(233)] ReadMemory at 0x740f0000 of 64 bytes failed: 仅完成部分的 ReadProcessMemory 或 WriteProcessMemory 请求。 (0x12B)
[0929/211410:WARNING:pe_image_reader.cc(281)] could not read dos header from C:\Windows\SYSTEM32\DEVOBJ.dll
[0929/211410:ERROR:process_reader_win.cc(233)] ReadMemory at 0x74120000 of 64 bytes failed: 仅完成部分的 ReadProcessMemory 或 WriteProcessMemory 请求。 (0x12B)
[0929/211410:WARNING:pe_image_reader.cc(281)] could not read dos header from C:\Windows\SYSTEM32\WINMMBASE.dll
[0929/211410:ERROR:process_reader_win.cc(233)] ReadMemory at 0x74150000 of 64 bytes failed: 仅完成部分的 ReadProcessMemory 或 WriteProcessMemory 请求。 (0x12B)
[0929/211410:WARNING:pe_image_reader.cc(281)] could not read dos header from C:\Windows\SYSTEM32\WINMM.dll
[0929/211410:ERROR:process_reader_win.cc(233)] ReadMemory at 0x745c0000 of 64 bytes failed: 仅完成部分的 ReadProcessMemory 或 WriteProcessMemory 请求。 (0x12B)
[0929/211410:WARNING:pe_image_reader.cc(281)] could not read dos header from C:\Windows\SYSTEM32\WTSAPI32.dll
[0929/211410:ERROR:process_reader_win.cc(233)] ReadMemory at 0x745a0000 of 64 bytes failed: 仅完成部分的 ReadProcessMemory 或 WriteProcessMemory 请求。 (0x12B)
[0929/211410:WARNING:pe_image_reader.cc(281)] could not read dos header from C:\Windows\SYSTEM32\USERENV.dll
[0929/211410:ERROR:process_reader_win.cc(233)] ReadMemory at 0x739f0000 of 64 bytes failed: 仅完成部分的 ReadProcessMemory 或 WriteProcessMemory 请求。 (0x12B)
[0929/211410:WARNING:pe_image_reader.cc(281)] could not read dos header from C:\Windows\SYSTEM32\WINHTTP.dll
[0929/211410:ERROR:process_reader_win.cc(233)] ReadMemory at 0x75590000 of 64 bytes failed: 仅完成部分的 ReadProcessMemory 或 WriteProcessMemory 请求。 (0x12B)
[0929/211410:WARNING:pe_image_reader.cc(281)] could not read dos header from C:\Windows\SYSTEM32\ole32.dll
[0929/211410:ERROR:process_reader_win.cc(233)] ReadMemory at 0x75710000 of 64 bytes failed: 仅完成部分的 ReadProcessMemory 或 WriteProcessMemory 请求。 (0x12B)
[0929/211410:WARNING:pe_image_reader.cc(281)] could not read dos header from C:\Windows\SYSTEM32\OLEAUT32.dll
[0929/211410:ERROR:process_reader_win.cc(233)] ReadMemory at 0x74c00000 of 64 bytes failed: 仅完成部分的 ReadProcessMemory 或 WriteProcessMemory 请求。 (0x12B)
[0929/211410:WARNING:pe_image_reader.cc(281)] could not read dos header from C:\Windows\SYSTEM32\NSI.dll
[0929/211410:ERROR:process_reader_win.cc(233)] ReadMemory at 0x75890000 of 64 bytes failed: 仅完成部分的 ReadProcessMemory 或 WriteProcessMemory 请求。 (0x12B)
[0929/211410:WARNING:pe_image_reader.cc(281)] could not read dos header from C:\Windows\SYSTEM32\WS2_32.dll
[0929/211410:ERROR:process_reader_win.cc(233)] ReadMemory at 0x743f0000 of 64 bytes failed: 仅完成部分的 ReadProcessMemory 或 WriteProcessMemory 请求。 (0x12B)
[0929/211410:WARNING:pe_image_reader.cc(281)] could not read dos header from C:\Windows\SYSTEM32\bcrypt.dll
[0929/211410:ERROR:process_reader_win.cc(233)] ReadMemory at 0x74420000 of 64 bytes failed: 仅完成部分的 ReadProcessMemory 或 WriteProcessMemory 请求。 (0x12B)
[0929/211410:WARNING:pe_image_reader.cc(281)] could not read dos header from C:\Windows\SYSTEM32\wkscli.dll
[0929/211410:ERROR:process_reader_win.cc(233)] ReadMemory at 0x74430000 of 64 bytes failed: 仅完成部分的 ReadProcessMemory 或 WriteProcessMemory 请求。 (0x12B)
[0929/211410:WARNING:pe_image_reader.cc(281)] could not read dos header from C:\Windows\SYSTEM32\srvcli.dll
[0929/211410:ERROR:process_reader_win.cc(233)] ReadMemory at 0x74450000 of 64 bytes failed: 仅完成部分的 ReadProcessMemory 或 WriteProcessMemory 请求。 (0x12B)
[0929/211410:WARNING:pe_image_reader.cc(281)] could not read dos header from C:\Windows\SYSTEM32\netutils.dll
[0929/211410:ERROR:process_reader_win.cc(233)] ReadMemory at 0x74490000 of 64 bytes failed: 仅完成部分的 ReadProcessMemory 或 WriteProcessMemory 请求。 (0x12B)
[0929/211410:WARNING:pe_image_reader.cc(281)] could not read dos header from C:\Windows\SYSTEM32\NETAPI32.dll
[0929/211410:ERROR:process_reader_win.cc(233)] ReadMemory at 0x5e810000 of 64 bytes failed: 仅完成部分的 ReadProcessMemory 或 WriteProcessMemory 请求。 (0x12B)
[0929/211410:WARNING:pe_image_reader.cc(281)] could not read dos header from F:\Program Files (x86)\360\360Safe\safemon\safemon.dll
[0929/211410:ERROR:process_reader_win.cc(233)] ReadMemory at 0x63680000 of 64 bytes failed: 仅完成部分的 ReadProcessMemory 或 WriteProcessMemory 请求。 (0x12B)
[0929/211410:WARNING:pe_image_reader.cc(281)] could not read dos header from F:\Program Files (x86)\360\360Safe\safemon\iNetSafe.dll
[0929/211410:ERROR:process_reader_win.cc(233)] ReadMemory at 0x734a0000 of 64 bytes failed: 仅完成部分的 ReadProcessMemory 或 WriteProcessMemory 请求。 (0x12B)
[0929/211410:WARNING:pe_image_reader.cc(281)] could not read dos header from C:\Windows\SYSTEM32\dbghelp.dll
[0929/211410:ERROR:process_reader_win.cc(233)] ReadMemory at 0x71c10000 of 64 bytes failed: 仅完成部分的 ReadProcessMemory 或 WriteProcessMemory 请求。 (0x12B)
[0929/211410:WARNING:pe_image_reader.cc(281)] could not read dos header from C:\Windows\WinSxS\x86_microsoft.windows.common-controls_6595b64144ccf1df_6.0.10240.16384_none_3bccb1ff6bcd1849\COMCTL32.dll
[0929/211410:ERROR:process_reader_win.cc(233)] ReadMemory at 0x74910000 of 64 bytes failed: 仅完成部分的 ReadProcessMemory 或 WriteProcessMemory 请求。 (0x12B)
[0929/211410:WARNING:pe_image_reader.cc(281)] could not read dos header from C:\Windows\SYSTEM32\COMDLG32.dll
[0929/211410:ERROR:process_reader_win.cc(233)] ReadMemory at 0x71040000 of 64 bytes failed: 仅完成部分的 ReadProcessMemory 或 WriteProcessMemory 请求。 (0x12B)
[0929/211410:WARNING:pe_image_reader.cc(281)] could not read dos header from C:\Windows\SYSTEM32\USP10.dll
[0929/211410:ERROR:process_reader_win.cc(233)] ReadMemory at 0x708f0000 of 64 bytes failed: 仅完成部分的 ReadProcessMemory 或 WriteProcessMemory 请求。 (0x12B)
[0929/211410:WARNING:pe_image_reader.cc(281)] could not read dos header from C:\Windows\SYSTEM32\WINSPOOL.DRV
[0929/211410:ERROR:process_reader_win.cc(233)] ReadMemory at 0x74410000 of 64 bytes failed: 仅完成部分的 ReadProcessMemory 或 WriteProcessMemory 请求。 (0x12B)
[0929/211410:WARNING:pe_image_reader.cc(281)] could not read dos header from C:\Windows\SYSTEM32\WINNSI.DLL
[0929/211410:ERROR:process_reader_win.cc(233)] ReadMemory at 0x74460000 of 64 bytes failed: 仅完成部分的 ReadProcessMemory 或 WriteProcessMemory 请求。 (0x12B)
[0929/211410:WARNING:pe_image_reader.cc(281)] could not read dos header from C:\Windows\SYSTEM32\IPHLPAPI.DLL
[0929/211410:ERROR:process_reader_win.cc(233)] ReadMemory at 0x73fd0000 of 64 bytes failed: 仅完成部分的 ReadProcessMemory 或 WriteProcessMemory 请求。 (0x12B)
[0929/211410:WARNING:pe_image_reader.cc(281)] could not read dos header from C:\Windows\SYSTEM32\Secur32.dll
[0929/211410:ERROR:process_reader_win.cc(233)] ReadMemory at 0x706c0000 of 64 bytes failed: 仅完成部分的 ReadProcessMemory 或 WriteProcessMemory 请求。 (0x12B)
[0929/211410:WARNING:pe_image_reader.cc(281)] could not read dos header from C:\Windows\SYSTEM32\DWrite.dll
[0929/211410:ERROR:process_reader_win.cc(233)] ReadMemory at 0x77530000 of 64 bytes failed: 仅完成部分的 ReadProcessMemory 或 WriteProcessMemory 请求。 (0x12B)
[0929/211410:WARNING:pe_image_reader.cc(281)] could not read dos header from C:\Windows\SYSTEM32\MSASN1.dll
[0929/211410:ERROR:process_reader_win.cc(233)] ReadMemory at 0x74f70000 of 64 bytes failed: 仅完成部分的 ReadProcessMemory 或 WriteProcessMemory 请求。 (0x12B)
[0929/211410:WARNING:pe_image_reader.cc(281)] could not read dos header from C:\Windows\SYSTEM32\CRYPT32.dll
[0929/211410:ERROR:process_reader_win.cc(233)] ReadMemory at 0x75840000 of 64 bytes failed: 仅完成部分的 ReadProcessMemory 或 WriteProcessMemory 请求。 (0x12B)
[0929/211410:WARNING:pe_image_reader.cc(281)] could not read dos header from C:\Windows\SYSTEM32\WINTRUST.dll
[0929/211410:ERROR:process_reader_win.cc(233)] ReadMemory at 0xfb60000 of 64 bytes failed: 仅完成部分的 ReadProcessMemory 或 WriteProcessMemory 请求。 (0x12B)
[0929/211410:WARNING:pe_image_reader.cc(281)] could not read dos header from C:\Program Files (x86)\Google\Chrome\Application\55.0.2883.87\chrome_child.dll
[0929/211410:ERROR:process_reader_win.cc(233)] ReadMemory at 0x5a6000 of 40960 bytes failed: 仅完成部分的 ReadProcessMemory 或 WriteProcessMemory 请求。 (0x12B)
[0929/211410:ERROR:crash_report_exception_handler.cc(112)] WriteEverything failed
[0929/211410:ERROR:scoped_process_suspend.cc(38)] NtResumeProcess: 已尝试访问正在退出的过程。  (0xc000010a)
